\BOOKMARK [1][-]{section.1}{Abstract}{}
\BOOKMARK [1][-]{section.2}{Stato dell'arte}{}
\BOOKMARK [1][-]{section.3}{Progetto: introduzione}{}
\BOOKMARK [2][-]{subsection.3.1}{Ambientazione}{section.3}
\BOOKMARK [2][-]{subsection.3.2}{Il nostro problema nel dettaglio}{section.3}
\BOOKMARK [2][-]{subsection.3.3}{Pensando in grande}{section.3}
\BOOKMARK [1][-]{section.4}{Introduzione alla Libreria OpenCV}{}
\BOOKMARK [1][-]{section.5}{Descrizione del progetto}{}
\BOOKMARK [2][-]{subsection.5.1}{Sezione di Acquisizione}{section.5}
\BOOKMARK [2][-]{subsection.5.2}{Logica di Gioco}{section.5}
\BOOKMARK [2][-]{subsection.5.3}{Stack di Gioco}{section.5}
\BOOKMARK [2][-]{subsection.5.4}{L'interfaccia Grafica}{section.5}
\BOOKMARK [2][-]{subsection.5.5}{La macchina per il Riconoscimento}{section.5}
\BOOKMARK [1][-]{section.6}{Riconoscimento}{}
\BOOKMARK [2][-]{subsection.6.1}{``The Recognition Engine''}{section.6}
\BOOKMARK [2][-]{subsection.6.2}{I moduli}{section.6}
\BOOKMARK [2][-]{subsection.6.3}{Le strategie}{section.6}
\BOOKMARK [1][-]{section.7}{Alcuni Test}{}
\BOOKMARK [1][-]{section.8}{Osservazioni}{}
\BOOKMARK [1][-]{section.9}{Coclusioni}{}
